[15:58:02] [main/INFO]: Setting user: Player140
[15:58:06] [Client thread/INFO]: LWJGL Version: 2.9.1
[15:58:18] [Client thread/INFO]: Reloading ResourceManager: Default, FMLFileResourcePack:Forge Mod Loader, FMLFileResourcePack:Minecraft Forge, FMLFileResourcePack:HydroCraft
[15:58:19] [Sound Library Loader/INFO]: Sound engine started
[15:58:24] [Client thread/INFO]: Created: 512x256 textures/blocks-atlas
[15:58:24] [Client thread/INFO]: Created: 256x256 textures/items-atlas
[15:58:24] [Client thread/INFO]: Reloading ResourceManager: Default, FMLFileResourcePack:Forge Mod Loader, FMLFileResourcePack:Minecraft Forge, FMLFileResourcePack:HydroCraft
[15:58:24] [Client thread/INFO]: Created: 256x256 textures/items-atlas
[15:58:25] [Client thread/INFO]: Created: 512x256 textures/blocks-atlas
[15:58:26] [Sound Library Loader/INFO]: Sound engine started
[15:58:33] [Server thread/INFO]: Starting integrated minecraft server version 1.7.10
[15:58:33] [Server thread/INFO]: Generating keypair
[15:58:34] [Server thread/INFO]: Preparing start region for level 0
[15:58:36] [Server thread/INFO]: Changing view distance to 12, from 10
[15:58:37] [Server thread/INFO]: Player140[local:E:b5caa154] logged in with entity id 77 at (1585.5311864597168, 4.0, 370.020608549537)
[15:58:37] [Server thread/INFO]: Player140 joined the game
[15:58:38] [Server thread/WARN]: Can't keep up! Did the system time change, or is the server overloaded? Running 2038ms behind, skipping 40 tick(s)
[15:59:52] [Server thread/INFO]: Saving and pausing game...
[15:59:52] [Server thread/INFO]: Saving chunks for level 'New World'/Overworld
[15:59:52] [Server thread/INFO]: Saving chunks for level 'New World'/Nether
[15:59:52] [Server thread/INFO]: Saving chunks for level 'New World'/The End
[15:59:53] [Client thread/INFO]: Stopping!
[15:59:53] [Server thread/INFO]: Stopping server
[15:59:53] [Server thread/INFO]: Saving players
[15:59:53] [Server thread/INFO]: Saving worlds
[15:59:53] [Server thread/INFO]: Saving chunks for level 'New World'/Overworld
[15:59:53] [Server thread/INFO]: Saving chunks for level 'New World'/Nether
[15:59:53] [Server thread/INFO]: Saving chunks for level 'New World'/The End
